<?xml version="1.0" encoding="UTF-8"?>
<!-- Generated by org.testng.reporters.JUnitReportReporter -->
<testsuite skipped="0" hostname="kavitha-kempegowda-mbp" name="MyProjectRep.MyFirstProject.AppTest" tests="1" failures="0" timestamp="08 Jul 2017 18:34:50 GMT" time="0.001" errors="0">
  <testcase name="testApp" time="0.001" classname="MyProjectRep.MyFirstProject.AppTest"/>
</testsuite> <!-- MyProjectRep.MyFirstProject.AppTest -->
